
2024/11/10 (12:32:42) | ===> btop++ v.1.4.0
2024/11/10 (12:32:42) | WARNING: Intel GPU: Failed to initialize PMU

2024/11/13 (14:42:52) | ===> btop++ v.1.4.0
2024/11/13 (14:42:52) | WARNING: Intel GPU: Failed to initialize PMU

2024/12/22 (12:30:36) | ===> btop++ v.1.4.0
2024/12/22 (12:30:36) | WARNING: Intel GPU: Failed to initialize PMU
2024/12/22 (12:30:42) | ERROR: Stall in Runner thread, restarting!

2025/02/23 (11:06:57) | ===> btop++ v.1.4.0
2025/02/23 (11:06:57) | WARNING: Intel GPU: Failed to initialize PMU
2025/02/23 (11:07:24) | WARNING: Failed to join _runner thread on exit!

2025/02/23 (12:32:27) | ===> btop++ v.1.4.0
2025/02/23 (12:32:27) | WARNING: Intel GPU: Failed to initialize PMU

2025/02/23 (13:32:30) | ===> btop++ v.1.4.0
2025/02/23 (13:32:30) | WARNING: Intel GPU: Failed to initialize PMU
2025/02/23 (13:33:22) | WARNING: Failed to join _runner thread on exit!

2025/02/23 (17:06:51) | ===> btop++ v.1.4.0
2025/02/23 (17:06:51) | WARNING: Intel GPU: Failed to initialize PMU

2025/02/23 (17:07:41) | ===> btop++ v.1.4.0
2025/02/23 (17:07:41) | WARNING: Intel GPU: Failed to initialize PMU

2025/02/23 (17:18:42) | ===> btop++ v.1.4.0
2025/02/23 (17:18:42) | WARNING: Intel GPU: Failed to initialize PMU

2025/02/23 (20:36:33) | ===> btop++ v.1.4.0
2025/02/23 (20:36:33) | WARNING: Intel GPU: Failed to initialize PMU

2025/02/23 (20:43:39) | ===> btop++ v.1.4.0
2025/02/23 (20:43:39) | WARNING: Intel GPU: Failed to initialize PMU

2025/02/23 (20:43:52) | ===> btop++ v.1.4.0
2025/02/23 (20:43:52) | WARNING: Intel GPU: Failed to initialize PMU

2025/02/24 (17:16:04) | ===> btop++ v.1.4.0
2025/02/24 (17:16:04) | WARNING: Intel GPU: Failed to initialize PMU

2025/02/24 (19:12:08) | ===> btop++ v.1.4.0
2025/02/24 (19:12:08) | WARNING: Intel GPU: Failed to initialize PMU

2025/02/24 (20:06:50) | ===> btop++ v.1.4.0
2025/02/24 (20:06:50) | WARNING: Intel GPU: Failed to initialize PMU

2025/02/24 (20:11:06) | ===> btop++ v.1.4.0
2025/02/24 (20:11:06) | WARNING: Intel GPU: Failed to initialize PMU

2025/02/24 (20:11:12) | ===> btop++ v.1.4.0
2025/02/24 (20:11:12) | WARNING: Intel GPU: Failed to initialize PMU

2025/02/24 (22:10:03) | ===> btop++ v.1.4.0
2025/02/24 (22:10:03) | WARNING: Intel GPU: Failed to initialize PMU

2025/02/24 (22:21:34) | ===> btop++ v.1.4.0
2025/02/24 (22:21:34) | WARNING: Intel GPU: Failed to initialize PMU

2025/02/26 (15:54:45) | ===> btop++ v.1.4.0
2025/02/26 (15:54:45) | WARNING: Intel GPU: Failed to initialize PMU

2025/02/26 (16:24:34) | ===> btop++ v.1.4.0
2025/02/26 (16:24:34) | WARNING: Intel GPU: Failed to initialize PMU

2025/02/26 (16:25:25) | ===> btop++ v.1.4.0
2025/02/26 (16:25:25) | WARNING: Intel GPU: Failed to initialize PMU
2025/02/26 (16:26:51) | WARNING: Failed to join _runner thread on exit!

2025/02/26 (17:48:58) | ===> btop++ v.1.4.0
2025/02/26 (17:48:58) | WARNING: Intel GPU: Failed to initialize PMU

2025/02/26 (18:13:30) | ===> btop++ v.1.4.0
2025/02/26 (18:13:30) | WARNING: Intel GPU: Failed to initialize PMU

2025/02/26 (18:13:43) | ===> btop++ v.1.4.0
2025/02/26 (18:13:43) | WARNING: Intel GPU: Failed to initialize PMU

2025/02/26 (22:39:32) | ===> btop++ v.1.4.0
2025/02/26 (22:39:32) | WARNING: Intel GPU: Failed to initialize PMU

2025/02/27 (16:06:56) | ===> btop++ v.1.4.0
2025/02/27 (16:06:56) | WARNING: Intel GPU: Failed to initialize PMU

2025/02/27 (16:45:31) | ===> btop++ v.1.4.0
2025/02/27 (16:45:31) | WARNING: Intel GPU: Failed to initialize PMU

2025/02/27 (18:06:06) | ===> btop++ v.1.4.0
2025/02/27 (18:06:06) | WARNING: Intel GPU: Failed to initialize PMU

2025/02/28 (15:27:24) | ===> btop++ v.1.4.0
2025/02/28 (15:27:24) | WARNING: Intel GPU: Failed to initialize PMU

2025/02/28 (15:46:17) | ===> btop++ v.1.4.0
2025/02/28 (15:46:17) | WARNING: Intel GPU: Failed to initialize PMU

2025/02/28 (15:50:05) | ===> btop++ v.1.4.0
2025/02/28 (15:50:05) | WARNING: Intel GPU: Failed to initialize PMU

2025/02/28 (16:40:37) | ===> btop++ v.1.4.0
2025/02/28 (16:40:37) | WARNING: Intel GPU: Failed to initialize PMU

2025/02/28 (16:51:06) | ===> btop++ v.1.4.0
2025/02/28 (16:51:06) | WARNING: Intel GPU: Failed to initialize PMU

2025/02/28 (17:07:29) | ===> btop++ v.1.4.0
2025/02/28 (17:07:29) | WARNING: Intel GPU: Failed to initialize PMU

2025/02/28 (17:11:50) | ===> btop++ v.1.4.0
2025/02/28 (17:11:50) | WARNING: Intel GPU: Failed to initialize PMU

2025/02/28 (18:47:56) | ===> btop++ v.1.4.0
2025/02/28 (18:47:56) | WARNING: Intel GPU: Failed to initialize PMU

2025/02/28 (19:48:38) | ===> btop++ v.1.4.0
2025/02/28 (19:48:38) | WARNING: Intel GPU: Failed to initialize PMU

2025/02/28 (20:02:52) | ===> btop++ v.1.4.0
2025/02/28 (20:02:52) | WARNING: Intel GPU: Failed to initialize PMU

2025/02/28 (22:41:08) | ===> btop++ v.1.4.0
2025/02/28 (22:41:08) | WARNING: Intel GPU: Failed to initialize PMU

2025/03/01 (10:16:45) | ===> btop++ v.1.4.0
2025/03/01 (10:16:45) | WARNING: Intel GPU: Failed to initialize PMU

2025/03/01 (11:39:03) | ===> btop++ v.1.4.0
2025/03/01 (11:39:03) | WARNING: Intel GPU: Failed to initialize PMU
2025/03/01 (15:08:54) | ERROR: Stall in Runner thread, restarting!
2025/03/01 (15:09:02) | ERROR: Stall in Runner thread, restarting!
2025/03/01 (15:09:29) | ERROR: Stall in Runner thread, restarting!
2025/03/01 (15:09:54) | ERROR: Stall in Runner thread, restarting!

2025/03/01 (15:17:49) | ===> btop++ v.1.4.0
2025/03/01 (15:17:49) | WARNING: Intel GPU: Failed to initialize PMU

2025/03/01 (19:15:02) | ===> btop++ v.1.4.0
2025/03/01 (19:15:02) | WARNING: Intel GPU: Failed to initialize PMU

2025/03/01 (20:40:38) | ===> btop++ v.1.4.0
2025/03/01 (20:40:38) | WARNING: Intel GPU: Failed to initialize PMU

2025/03/02 (11:23:51) | ===> btop++ v.1.4.0
2025/03/02 (11:23:51) | WARNING: Intel GPU: Failed to initialize PMU
2025/03/02 (11:23:57) | WARNING: Failed to join _runner thread on exit!

2025/03/02 (11:27:21) | ===> btop++ v.1.4.0
2025/03/02 (11:27:21) | WARNING: Intel GPU: Failed to initialize PMU

2025/03/02 (14:36:11) | ===> btop++ v.1.4.0
2025/03/02 (14:36:11) | WARNING: Intel GPU: Failed to initialize PMU

2025/03/02 (15:48:13) | ===> btop++ v.1.4.0
2025/03/02 (15:48:13) | WARNING: Intel GPU: Failed to initialize PMU
2025/03/02 (15:48:37) | WARNING: Failed to join _runner thread on exit!

2025/03/02 (15:48:43) | ===> btop++ v.1.4.0
2025/03/02 (15:48:43) | WARNING: Intel GPU: Failed to initialize PMU
2025/03/02 (15:49:23) | WARNING: Failed to join _runner thread on exit!

2025/03/02 (16:31:48) | ===> btop++ v.1.4.0
2025/03/02 (16:31:48) | WARNING: Intel GPU: Failed to initialize PMU

2025/03/02 (16:34:45) | ===> btop++ v.1.4.0
2025/03/02 (16:34:45) | WARNING: Intel GPU: Failed to initialize PMU
2025/03/02 (16:34:46) | WARNING: Failed to join _runner thread on exit!

2025/03/02 (22:30:49) | ===> btop++ v.1.4.0
2025/03/02 (22:30:49) | WARNING: Intel GPU: Failed to initialize PMU

2025/03/03 (11:41:23) | ===> btop++ v.1.4.0
2025/03/03 (11:41:23) | WARNING: Intel GPU: Failed to initialize PMU

2025/03/03 (11:53:09) | ===> btop++ v.1.4.0
2025/03/03 (11:53:09) | WARNING: Intel GPU: Failed to initialize PMU

2025/03/03 (13:35:07) | ===> btop++ v.1.4.0
2025/03/03 (13:35:07) | WARNING: Intel GPU: Failed to initialize PMU

2025/03/03 (13:35:59) | ===> btop++ v.1.4.0
2025/03/03 (13:35:59) | WARNING: Intel GPU: Failed to initialize PMU

2025/03/03 (14:48:04) | ===> btop++ v.1.4.0
2025/03/03 (14:48:04) | WARNING: Intel GPU: Failed to initialize PMU

2025/03/03 (19:11:01) | ===> btop++ v.1.4.0
2025/03/03 (19:11:01) | WARNING: Intel GPU: Failed to initialize PMU
2025/03/03 (19:11:15) | ERROR: Stall in Runner thread, restarting!

2025/03/04 (16:11:55) | ===> btop++ v.1.4.0
2025/03/04 (16:11:55) | WARNING: Intel GPU: Failed to initialize PMU

2025/03/04 (19:17:48) | ===> btop++ v.1.4.0
2025/03/04 (19:17:48) | WARNING: Intel GPU: Failed to initialize PMU

2025/03/04 (20:31:52) | ===> btop++ v.1.4.0
2025/03/04 (20:31:52) | WARNING: Intel GPU: Failed to initialize PMU

2025/03/04 (22:53:40) | ===> btop++ v.1.4.0
2025/03/04 (22:53:40) | WARNING: Intel GPU: Failed to initialize PMU

2025/03/04 (22:54:13) | ===> btop++ v.1.4.0
2025/03/04 (22:54:13) | WARNING: Intel GPU: Failed to initialize PMU

2025/03/04 (22:57:38) | ===> btop++ v.1.4.0
2025/03/04 (22:57:38) | WARNING: Intel GPU: Failed to initialize PMU
2025/03/04 (22:57:50) | WARNING: Failed to join _runner thread on exit!

2025/03/05 (12:15:53) | ===> btop++ v.1.4.0
2025/03/05 (12:15:53) | WARNING: Intel GPU: Failed to initialize PMU

2025/03/05 (12:21:23) | ===> btop++ v.1.4.0
2025/03/05 (12:21:23) | WARNING: Intel GPU: Failed to initialize PMU

2025/03/05 (12:37:11) | ===> btop++ v.1.4.0
2025/03/05 (12:37:11) | WARNING: Intel GPU: Failed to initialize PMU

2025/03/05 (12:50:52) | ===> btop++ v.1.4.0
2025/03/05 (12:50:52) | WARNING: Intel GPU: Failed to initialize PMU

2025/03/05 (12:51:38) | ===> btop++ v.1.4.0
2025/03/05 (12:51:38) | WARNING: Intel GPU: Failed to initialize PMU

2025/03/05 (13:48:24) | ===> btop++ v.1.4.0
2025/03/05 (13:48:24) | WARNING: Intel GPU: Failed to initialize PMU

2025/03/05 (21:09:11) | ===> btop++ v.1.4.0
2025/03/05 (21:09:11) | WARNING: Intel GPU: Failed to initialize PMU

2025/03/05 (21:10:10) | ===> btop++ v.1.4.0
2025/03/05 (21:10:10) | WARNING: Intel GPU: Failed to initialize PMU

2025/03/05 (23:51:04) | ===> btop++ v.1.4.0
2025/03/05 (23:51:04) | WARNING: Intel GPU: Failed to initialize PMU

2025/03/06 (00:00:16) | ===> btop++ v.1.4.0
2025/03/06 (00:00:16) | WARNING: Intel GPU: Failed to initialize PMU

2025/03/06 (12:40:08) | ===> btop++ v.1.4.0
2025/03/06 (12:40:08) | WARNING: Intel GPU: Failed to initialize PMU

2025/03/06 (15:27:18) | ===> btop++ v.1.4.0
2025/03/06 (15:27:18) | WARNING: Intel GPU: Failed to initialize PMU

2025/03/06 (16:32:12) | ===> btop++ v.1.4.0
2025/03/06 (16:32:12) | WARNING: Intel GPU: Failed to initialize PMU

2025/03/06 (17:02:10) | ===> btop++ v.1.4.0
2025/03/06 (17:02:10) | WARNING: Intel GPU: Failed to initialize PMU
2025/03/06 (17:02:32) | WARNING: Failed to join _runner thread on exit!

2025/03/06 (22:57:05) | ===> btop++ v.1.4.0
2025/03/06 (22:57:05) | WARNING: Intel GPU: Failed to initialize PMU

2025/03/07 (13:04:46) | ===> btop++ v.1.4.0
2025/03/07 (13:04:46) | WARNING: Intel GPU: Failed to initialize PMU

2025/03/07 (16:06:48) | ===> btop++ v.1.4.0
2025/03/07 (16:06:48) | WARNING: Intel GPU: Failed to initialize PMU

2025/03/07 (16:07:36) | ===> btop++ v.1.4.0
2025/03/07 (16:07:36) | WARNING: Intel GPU: Failed to initialize PMU

2025/03/07 (16:52:45) | ===> btop++ v.1.4.0
2025/03/07 (16:52:45) | WARNING: Intel GPU: Failed to initialize PMU

2025/03/07 (18:03:22) | ===> btop++ v.1.4.0
2025/03/07 (18:03:22) | WARNING: Intel GPU: Failed to initialize PMU

2025/03/07 (18:21:28) | ===> btop++ v.1.4.0
2025/03/07 (18:21:28) | WARNING: Intel GPU: Failed to initialize PMU

2025/03/07 (22:15:40) | ===> btop++ v.1.4.0
2025/03/07 (22:15:40) | WARNING: Intel GPU: Failed to initialize PMU

2025/03/07 (22:22:50) | ===> btop++ v.1.4.0
2025/03/07 (22:22:50) | WARNING: Intel GPU: Failed to initialize PMU

2025/03/08 (12:05:34) | ===> btop++ v.1.4.0
2025/03/08 (12:05:34) | WARNING: Intel GPU: Failed to initialize PMU

2025/03/08 (12:43:29) | ===> btop++ v.1.4.0
2025/03/08 (12:43:29) | WARNING: Intel GPU: Failed to initialize PMU

2025/03/08 (16:54:31) | ===> btop++ v.1.4.0
2025/03/08 (16:54:31) | WARNING: Intel GPU: Failed to initialize PMU

2025/03/08 (21:37:00) | ===> btop++ v.1.4.0
2025/03/08 (21:37:00) | WARNING: Intel GPU: Failed to initialize PMU

2025/03/08 (21:37:12) | ===> btop++ v.1.4.0
2025/03/08 (21:37:12) | WARNING: Intel GPU: Failed to initialize PMU

2025/03/08 (21:49:50) | ===> btop++ v.1.4.0
2025/03/08 (21:49:50) | WARNING: Intel GPU: Failed to initialize PMU

2025/03/09 (13:14:29) | ===> btop++ v.1.4.0
2025/03/09 (13:14:29) | WARNING: Intel GPU: Failed to initialize PMU

2025/03/09 (18:29:10) | ===> btop++ v.1.4.0
2025/03/09 (18:29:10) | WARNING: Intel GPU: Failed to initialize PMU

2025/03/09 (20:28:07) | ===> btop++ v.1.4.0
2025/03/09 (20:28:07) | WARNING: Intel GPU: Failed to initialize PMU

2025/03/10 (20:08:31) | ===> btop++ v.1.4.0
2025/03/10 (20:08:31) | WARNING: Intel GPU: Failed to initialize PMU

2025/03/10 (20:35:15) | ===> btop++ v.1.4.0
2025/03/10 (20:35:15) | WARNING: Intel GPU: Failed to initialize PMU

2025/03/11 (20:01:39) | ===> btop++ v.1.4.0
2025/03/11 (20:01:39) | WARNING: Intel GPU: Failed to initialize PMU

2025/03/14 (16:11:30) | ===> btop++ v.1.4.0
2025/03/14 (16:11:30) | WARNING: Intel GPU: Failed to initialize PMU

2025/03/14 (16:12:03) | ===> btop++ v.1.4.0
2025/03/14 (16:12:03) | WARNING: Intel GPU: Failed to initialize PMU

2025/03/14 (16:13:39) | ===> btop++ v.1.4.0
2025/03/14 (16:13:39) | WARNING: Intel GPU: Failed to initialize PMU

2025/03/14 (18:55:35) | ===> btop++ v.1.4.0
2025/03/14 (18:55:35) | WARNING: Intel GPU: Failed to initialize PMU

2025/03/14 (22:31:43) | ===> btop++ v.1.4.0
2025/03/14 (22:31:43) | WARNING: Intel GPU: Failed to initialize PMU

2025/03/15 (14:57:47) | ===> btop++ v.1.4.0
2025/03/15 (14:57:47) | WARNING: Intel GPU: Failed to initialize PMU

2025/03/15 (14:58:14) | ===> btop++ v.1.4.0
2025/03/15 (14:58:14) | WARNING: Intel GPU: Failed to initialize PMU

2025/03/15 (14:59:52) | ===> btop++ v.1.4.0
2025/03/15 (14:59:52) | WARNING: Intel GPU: Failed to initialize PMU

2025/03/15 (15:02:10) | ===> btop++ v.1.4.0
2025/03/15 (15:02:10) | WARNING: Intel GPU: Failed to initialize PMU

2025/03/15 (16:55:38) | ===> btop++ v.1.4.0
2025/03/15 (16:55:38) | WARNING: Intel GPU: Failed to initialize PMU

2025/03/16 (13:08:30) | ===> btop++ v.1.4.0
2025/03/16 (13:08:30) | WARNING: Intel GPU: Failed to initialize PMU

2025/03/17 (15:57:09) | ===> btop++ v.1.4.0
2025/03/17 (15:57:09) | WARNING: Intel GPU: Failed to initialize PMU

2025/03/17 (16:06:09) | ===> btop++ v.1.4.0
2025/03/17 (16:06:09) | WARNING: Intel GPU: Failed to initialize PMU

2025/03/17 (16:51:16) | ===> btop++ v.1.4.0
2025/03/17 (16:51:16) | WARNING: Intel GPU: Failed to initialize PMU

2025/03/17 (21:05:40) | ===> btop++ v.1.4.0
2025/03/17 (21:05:40) | WARNING: Intel GPU: Failed to initialize PMU

2025/03/17 (21:31:02) | ===> btop++ v.1.4.0
2025/03/17 (21:31:02) | WARNING: Intel GPU: Failed to initialize PMU

2025/03/17 (21:34:41) | ===> btop++ v.1.4.0
2025/03/17 (21:34:41) | WARNING: Intel GPU: Failed to initialize PMU

2025/03/17 (21:44:26) | ===> btop++ v.1.4.0
2025/03/17 (21:44:26) | WARNING: Intel GPU: Failed to initialize PMU

2025/03/17 (21:47:28) | ===> btop++ v.1.4.0
2025/03/17 (21:47:28) | WARNING: Intel GPU: Failed to initialize PMU
2025/03/17 (21:49:22) | ERROR: Exception during Config::unlock() : unordered_map::at

2025/03/17 (21:49:25) | ===> btop++ v.1.4.0
2025/03/17 (21:49:25) | WARNING: Intel GPU: Failed to initialize PMU

2025/03/17 (22:05:17) | ===> btop++ v.1.4.0
2025/03/17 (22:05:17) | WARNING: Intel GPU: Failed to initialize PMU

2025/03/17 (22:32:28) | ===> btop++ v.1.4.0
2025/03/17 (22:32:28) | WARNING: Intel GPU: Failed to initialize PMU

2025/03/17 (22:32:51) | ===> btop++ v.1.4.0
2025/03/17 (22:32:51) | WARNING: Intel GPU: Failed to initialize PMU

2025/03/17 (22:36:18) | ===> btop++ v.1.4.0
2025/03/17 (22:36:18) | WARNING: Intel GPU: Failed to initialize PMU

2025/03/17 (22:56:08) | ===> btop++ v.1.4.0
2025/03/17 (22:56:08) | WARNING: Intel GPU: Failed to initialize PMU

2025/03/18 (17:39:17) | ===> btop++ v.1.4.0
2025/03/18 (17:39:17) | WARNING: Intel GPU: Failed to initialize PMU

2025/03/18 (20:24:27) | ===> btop++ v.1.4.0
2025/03/18 (20:24:27) | WARNING: Intel GPU: Failed to initialize PMU

2025/03/18 (20:41:15) | ===> btop++ v.1.4.0
2025/03/18 (20:41:15) | WARNING: Intel GPU: Failed to initialize PMU

2025/03/18 (21:05:03) | ===> btop++ v.1.4.0
2025/03/18 (21:05:03) | WARNING: Intel GPU: Failed to initialize PMU

2025/03/18 (21:05:24) | ===> btop++ v.1.4.0
2025/03/18 (21:05:24) | WARNING: Intel GPU: Failed to initialize PMU

2025/03/18 (21:09:53) | ===> btop++ v.1.4.0
2025/03/18 (21:09:53) | WARNING: Intel GPU: Failed to initialize PMU

2025/03/18 (22:07:15) | ===> btop++ v.1.4.0
2025/03/18 (22:07:15) | WARNING: Intel GPU: Failed to initialize PMU

2025/03/19 (15:33:21) | ===> btop++ v.1.4.0
2025/03/19 (15:33:21) | WARNING: Intel GPU: Failed to initialize PMU

2025/03/19 (16:01:32) | ===> btop++ v.1.4.0
2025/03/19 (16:01:32) | WARNING: Intel GPU: Failed to initialize PMU

2025/03/19 (17:30:27) | ===> btop++ v.1.4.0
2025/03/19 (17:30:27) | WARNING: Intel GPU: Failed to initialize PMU

2025/03/19 (17:33:50) | ===> btop++ v.1.4.0
2025/03/19 (17:33:50) | WARNING: Intel GPU: Failed to initialize PMU

2025/03/19 (17:53:18) | ===> btop++ v.1.4.0
2025/03/19 (17:53:18) | WARNING: Intel GPU: Failed to initialize PMU

2025/03/19 (19:39:37) | ===> btop++ v.1.4.0
2025/03/19 (19:39:37) | WARNING: Intel GPU: Failed to initialize PMU

2025/03/19 (19:48:29) | ===> btop++ v.1.4.0
2025/03/19 (19:48:29) | WARNING: Intel GPU: Failed to initialize PMU

2025/03/19 (21:35:36) | ===> btop++ v.1.4.0
2025/03/19 (21:35:36) | WARNING: Intel GPU: Failed to initialize PMU

2025/03/19 (21:44:35) | ===> btop++ v.1.4.0
2025/03/19 (21:44:35) | WARNING: Intel GPU: Failed to initialize PMU

2025/03/19 (21:47:55) | ===> btop++ v.1.4.0
2025/03/19 (21:47:55) | WARNING: Intel GPU: Failed to initialize PMU

2025/03/19 (21:49:26) | ===> btop++ v.1.4.0
2025/03/19 (21:49:26) | WARNING: Intel GPU: Failed to initialize PMU

2025/03/19 (21:49:56) | ===> btop++ v.1.4.0
2025/03/19 (21:49:56) | WARNING: Intel GPU: Failed to initialize PMU

2025/03/19 (22:05:53) | ===> btop++ v.1.4.0
2025/03/19 (22:05:53) | WARNING: Intel GPU: Failed to initialize PMU

2025/03/19 (22:19:43) | ===> btop++ v.1.4.0
2025/03/19 (22:19:43) | WARNING: Intel GPU: Failed to initialize PMU

2025/03/20 (19:39:29) | ===> btop++ v.1.4.0
2025/03/20 (19:39:29) | WARNING: Intel GPU: Failed to initialize PMU

2025/03/20 (20:16:47) | ===> btop++ v.1.4.0
2025/03/20 (20:16:47) | WARNING: Intel GPU: Failed to initialize PMU

2025/03/21 (17:56:13) | ===> btop++ v.1.4.0
2025/03/21 (17:56:13) | WARNING: Intel GPU: Failed to initialize PMU

2025/03/21 (18:10:40) | ===> btop++ v.1.4.0
2025/03/21 (18:10:40) | WARNING: Intel GPU: Failed to initialize PMU

2025/03/21 (18:56:49) | ===> btop++ v.1.4.0
2025/03/21 (18:56:49) | WARNING: Intel GPU: Failed to initialize PMU

2025/03/21 (19:45:37) | ===> btop++ v.1.4.0
2025/03/21 (19:45:37) | WARNING: Intel GPU: Failed to initialize PMU

2025/03/21 (22:42:18) | ===> btop++ v.1.4.0
2025/03/21 (22:42:18) | WARNING: Intel GPU: Failed to initialize PMU

2025/03/21 (22:43:14) | ===> btop++ v.1.4.0
2025/03/21 (22:43:14) | WARNING: Intel GPU: Failed to initialize PMU

2025/03/22 (11:22:12) | ===> btop++ v.1.4.0
2025/03/22 (11:22:12) | WARNING: Intel GPU: Failed to initialize PMU

2025/03/22 (12:52:34) | ===> btop++ v.1.4.0
2025/03/22 (12:52:34) | WARNING: Intel GPU: Failed to initialize PMU

2025/03/22 (18:04:18) | ===> btop++ v.1.4.0
2025/03/22 (18:04:18) | WARNING: Intel GPU: Failed to initialize PMU

2025/03/22 (18:04:30) | ===> btop++ v.1.4.0
2025/03/22 (18:04:30) | WARNING: Intel GPU: Failed to initialize PMU

2025/03/22 (19:02:49) | ===> btop++ v.1.4.0
2025/03/22 (19:02:49) | WARNING: Intel GPU: Failed to initialize PMU

2025/03/22 (19:03:56) | ===> btop++ v.1.4.0
2025/03/22 (19:03:56) | WARNING: Intel GPU: Failed to initialize PMU

2025/03/22 (19:04:32) | ===> btop++ v.1.4.0
2025/03/22 (19:04:32) | WARNING: Intel GPU: Failed to initialize PMU

2025/03/22 (19:55:47) | ===> btop++ v.1.4.0
2025/03/22 (19:55:47) | WARNING: Intel GPU: Failed to initialize PMU

2025/03/23 (13:52:09) | ===> btop++ v.1.4.0
2025/03/23 (13:52:09) | WARNING: Intel GPU: Failed to initialize PMU

2025/03/23 (14:24:33) | ===> btop++ v.1.4.0
2025/03/23 (14:24:33) | WARNING: Intel GPU: Failed to initialize PMU

2025/03/23 (14:27:17) | ===> btop++ v.1.4.0
2025/03/23 (14:27:17) | WARNING: Intel GPU: Failed to initialize PMU

2025/03/23 (14:36:09) | ===> btop++ v.1.4.0
2025/03/23 (14:36:09) | WARNING: Intel GPU: Failed to initialize PMU

2025/03/23 (15:13:45) | ===> btop++ v.1.4.0
2025/03/23 (15:13:45) | WARNING: Intel GPU: Failed to initialize PMU

2025/03/23 (15:14:30) | ===> btop++ v.1.4.0
2025/03/23 (15:14:30) | WARNING: Intel GPU: Failed to initialize PMU

2025/03/23 (15:16:01) | ===> btop++ v.1.4.0
2025/03/23 (15:16:01) | WARNING: Intel GPU: Failed to initialize PMU

2025/03/23 (18:53:49) | ===> btop++ v.1.4.0
2025/03/23 (18:53:49) | WARNING: Intel GPU: Failed to initialize PMU

2025/03/25 (20:57:34) | ===> btop++ v.1.4.0
2025/03/25 (20:57:34) | WARNING: Intel GPU: Failed to initialize PMU

2025/03/27 (16:02:26) | ===> btop++ v.1.4.0
2025/03/27 (16:02:26) | WARNING: Intel GPU: Failed to initialize PMU

2025/03/28 (15:48:13) | ===> btop++ v.1.4.0
2025/03/28 (15:48:13) | WARNING: Intel GPU: Failed to initialize PMU

2025/03/28 (15:49:28) | ===> btop++ v.1.4.0
2025/03/28 (15:49:28) | WARNING: Intel GPU: Failed to initialize PMU

2025/03/28 (21:22:01) | ===> btop++ v.1.4.0
2025/03/28 (21:22:01) | WARNING: Intel GPU: Failed to initialize PMU

2025/03/29 (10:16:37) | ===> btop++ v.1.4.0
2025/03/29 (10:16:37) | WARNING: Intel GPU: Failed to initialize PMU

2025/03/29 (10:58:58) | ===> btop++ v.1.4.0
2025/03/29 (10:58:58) | WARNING: Intel GPU: Failed to initialize PMU

2025/03/29 (15:06:17) | ===> btop++ v.1.4.0
2025/03/29 (15:06:17) | WARNING: Intel GPU: Failed to initialize PMU

2025/03/30 (16:31:37) | ===> btop++ v.1.4.0
2025/03/30 (16:31:37) | WARNING: Intel GPU: Failed to initialize PMU

2025/03/30 (16:31:57) | ===> btop++ v.1.4.0
2025/03/30 (16:31:57) | WARNING: Intel GPU: Failed to initialize PMU

2025/03/31 (22:24:07) | ===> btop++ v.1.4.0
2025/03/31 (22:24:07) | WARNING: Intel GPU: Failed to initialize PMU

2025/04/01 (20:13:36) | ===> btop++ v.1.4.0
2025/04/01 (20:13:36) | WARNING: Intel GPU: Failed to initialize PMU

2025/04/01 (21:53:17) | ===> btop++ v.1.4.0
2025/04/01 (21:53:17) | WARNING: Intel GPU: Failed to initialize PMU

2025/04/01 (21:53:32) | ===> btop++ v.1.4.0
2025/04/01 (21:53:32) | WARNING: Intel GPU: Failed to initialize PMU

2025/04/01 (22:25:05) | ===> btop++ v.1.4.0
2025/04/01 (22:25:05) | WARNING: Intel GPU: Failed to initialize PMU

2025/04/01 (23:36:34) | ===> btop++ v.1.4.0
2025/04/01 (23:36:34) | WARNING: Intel GPU: Failed to initialize PMU

2025/04/02 (00:19:16) | ===> btop++ v.1.4.0
2025/04/02 (00:19:16) | WARNING: Intel GPU: Failed to initialize PMU

2025/04/02 (00:21:45) | ===> btop++ v.1.4.0
2025/04/02 (00:21:45) | WARNING: Intel GPU: Failed to initialize PMU

2025/04/02 (00:22:15) | ===> btop++ v.1.4.0
2025/04/02 (00:22:15) | WARNING: Intel GPU: Failed to initialize PMU

2025/04/02 (07:14:42) | ===> btop++ v.1.4.0
2025/04/02 (07:14:42) | WARNING: Intel GPU: Failed to initialize PMU

2025/04/02 (07:14:53) | ===> btop++ v.1.4.0
2025/04/02 (07:14:53) | WARNING: Intel GPU: Failed to initialize PMU

2025/04/02 (08:00:56) | ===> btop++ v.1.4.0
2025/04/02 (08:00:56) | WARNING: Intel GPU: Failed to initialize PMU
2025/04/02 (08:01:01) | WARNING: Failed to join _runner thread on exit!

2025/04/02 (17:51:26) | ===> btop++ v.1.4.0
2025/04/02 (17:51:26) | WARNING: Intel GPU: Failed to initialize PMU

2025/04/02 (18:24:15) | ===> btop++ v.1.4.0
2025/04/02 (18:24:15) | WARNING: Intel GPU: Failed to initialize PMU

2025/04/02 (18:26:34) | ===> btop++ v.1.4.0
2025/04/02 (18:26:34) | WARNING: Intel GPU: Failed to initialize PMU

2025/04/02 (19:36:02) | ===> btop++ v.1.4.0
2025/04/02 (19:36:02) | WARNING: Intel GPU: Failed to initialize PMU

2025/04/03 (21:05:45) | ===> btop++ v.1.4.0
2025/04/03 (21:05:45) | WARNING: Intel GPU: Failed to initialize PMU

2025/04/03 (21:06:26) | ===> btop++ v.1.4.0
2025/04/03 (21:06:26) | WARNING: Intel GPU: Failed to initialize PMU
2025/04/03 (21:06:33) | WARNING: Failed to join _runner thread on exit!

2025/04/04 (21:03:49) | ===> btop++ v.1.4.0
2025/04/04 (21:03:49) | WARNING: Intel GPU: Failed to initialize PMU

2025/04/04 (21:06:29) | ===> btop++ v.1.4.0
2025/04/04 (21:06:29) | WARNING: Intel GPU: Failed to initialize PMU

2025/04/05 (12:11:24) | ===> btop++ v.1.4.0
2025/04/05 (12:11:24) | WARNING: Intel GPU: Failed to initialize PMU

2025/04/05 (12:18:43) | ===> btop++ v.1.4.0
2025/04/05 (12:18:43) | WARNING: Intel GPU: Failed to initialize PMU

2025/04/05 (12:20:55) | ===> btop++ v.1.4.0
2025/04/05 (12:20:55) | WARNING: Intel GPU: Failed to initialize PMU

2025/04/05 (23:05:21) | ===> btop++ v.1.4.0
2025/04/05 (23:05:21) | WARNING: Intel GPU: Failed to initialize PMU

2025/04/07 (16:25:03) | ===> btop++ v.1.4.0
2025/04/07 (16:25:03) | WARNING: Intel GPU: Failed to initialize PMU

2025/04/07 (16:25:47) | ===> btop++ v.1.4.0
2025/04/07 (16:25:47) | WARNING: Intel GPU: Failed to initialize PMU

2025/04/07 (22:18:18) | ===> btop++ v.1.4.0
2025/04/07 (22:18:18) | WARNING: Intel GPU: Failed to initialize PMU

2025/04/09 (20:19:22) | ===> btop++ v.1.4.0
2025/04/09 (20:19:22) | WARNING: Intel GPU: Failed to initialize PMU

2025/04/09 (20:19:30) | ===> btop++ v.1.4.0
2025/04/09 (20:19:30) | WARNING: Intel GPU: Failed to initialize PMU
2025/04/09 (20:19:38) | WARNING: Failed to join _runner thread on exit!

2025/04/10 (15:39:16) | ===> btop++ v.1.4.0
2025/04/10 (15:39:16) | WARNING: Intel GPU: Failed to initialize PMU

2025/04/10 (17:14:58) | ===> btop++ v.1.4.0
2025/04/10 (17:14:58) | WARNING: Intel GPU: Failed to initialize PMU

2025/04/11 (17:12:27) | ===> btop++ v.1.4.0
2025/04/11 (17:12:27) | WARNING: Intel GPU: Failed to initialize PMU

2025/04/11 (18:18:53) | ===> btop++ v.1.4.0
2025/04/11 (18:18:53) | WARNING: Intel GPU: Failed to initialize PMU

2025/04/11 (18:46:16) | ===> btop++ v.1.4.0
2025/04/11 (18:46:16) | WARNING: Intel GPU: Failed to initialize PMU

2025/04/11 (21:09:51) | ===> btop++ v.1.4.0
2025/04/11 (21:09:51) | WARNING: Intel GPU: Failed to initialize PMU

2025/04/11 (23:02:19) | ===> btop++ v.1.4.0
2025/04/11 (23:02:19) | WARNING: Intel GPU: Failed to initialize PMU
2025/04/11 (23:02:27) | WARNING: Failed to join _runner thread on exit!

2025/04/12 (12:36:47) | ===> btop++ v.1.4.0
2025/04/12 (12:36:47) | WARNING: Intel GPU: Failed to initialize PMU

2025/04/12 (16:13:20) | ===> btop++ v.1.4.0
2025/04/12 (16:13:20) | WARNING: Intel GPU: Failed to initialize PMU

2025/04/12 (16:19:30) | ===> btop++ v.1.4.0
2025/04/12 (16:19:30) | WARNING: Intel GPU: Failed to initialize PMU
2025/04/12 (16:31:47) | WARNING: Failed to join _runner thread on exit!

2025/04/12 (16:36:08) | ===> btop++ v.1.4.0
2025/04/12 (16:36:08) | WARNING: Intel GPU: Failed to initialize PMU

2025/04/12 (16:41:33) | ===> btop++ v.1.4.0
2025/04/12 (16:41:33) | WARNING: Intel GPU: Failed to initialize PMU

2025/04/12 (18:09:57) | ===> btop++ v.1.4.0
2025/04/12 (18:09:57) | WARNING: Intel GPU: Failed to initialize PMU

2025/04/13 (12:56:51) | ===> btop++ v.1.4.0
2025/04/13 (12:56:51) | WARNING: Intel GPU: Failed to initialize PMU

2025/04/13 (12:59:18) | ===> btop++ v.1.4.0
2025/04/13 (12:59:18) | WARNING: Intel GPU: Failed to initialize PMU

2025/04/13 (16:53:56) | ===> btop++ v.1.4.0
2025/04/13 (16:53:56) | WARNING: Intel GPU: Failed to initialize PMU

2025/04/14 (14:52:17) | ===> btop++ v.1.4.0
2025/04/14 (14:52:17) | WARNING: Intel GPU: Failed to initialize PMU

2025/04/14 (14:56:10) | ===> btop++ v.1.4.0
2025/04/14 (14:56:10) | WARNING: Intel GPU: Failed to initialize PMU

2025/04/16 (15:36:18) | ===> btop++ v.1.4.0
2025/04/16 (15:36:18) | WARNING: Intel GPU: Failed to initialize PMU

2025/04/16 (15:36:35) | ===> btop++ v.1.4.0
2025/04/16 (15:36:35) | WARNING: Intel GPU: Failed to initialize PMU

2025/04/16 (19:52:59) | ===> btop++ v.1.4.0
2025/04/16 (19:52:59) | WARNING: Intel GPU: Failed to initialize PMU

2025/04/16 (20:05:57) | ===> btop++ v.1.4.0
2025/04/16 (20:05:57) | WARNING: Intel GPU: Failed to initialize PMU

2025/04/16 (22:48:53) | ===> btop++ v.1.4.0
2025/04/16 (22:48:53) | WARNING: Intel GPU: Failed to initialize PMU

2025/04/18 (17:27:23) | ===> btop++ v.1.4.0
2025/04/18 (17:27:23) | WARNING: Intel GPU: Failed to initialize PMU

2025/04/18 (17:45:23) | ===> btop++ v.1.4.0
2025/04/18 (17:45:23) | WARNING: Intel GPU: Failed to initialize PMU

2025/04/18 (18:42:57) | ===> btop++ v.1.4.0
2025/04/18 (18:42:57) | WARNING: Intel GPU: Failed to initialize PMU

2025/04/18 (18:43:45) | ===> btop++ v.1.4.0
2025/04/18 (18:43:45) | WARNING: Intel GPU: Failed to initialize PMU

2025/04/19 (16:14:41) | ===> btop++ v.1.4.0
2025/04/19 (16:14:41) | WARNING: Intel GPU: Failed to initialize PMU

2025/04/19 (17:56:03) | ===> btop++ v.1.4.0
2025/04/19 (17:56:03) | WARNING: Intel GPU: Failed to initialize PMU

2025/04/20 (17:22:20) | ===> btop++ v.1.4.0
2025/04/20 (17:22:20) | WARNING: Intel GPU: Failed to initialize PMU

2025/04/20 (20:19:54) | ===> btop++ v.1.4.0
2025/04/20 (20:19:54) | WARNING: Intel GPU: Failed to initialize PMU

2025/04/21 (11:33:35) | ===> btop++ v.1.4.0
2025/04/21 (11:33:35) | WARNING: Intel GPU: Failed to initialize PMU

2025/04/21 (11:40:02) | ===> btop++ v.1.4.0
2025/04/21 (11:40:02) | WARNING: Intel GPU: Failed to initialize PMU

2025/04/22 (15:39:53) | ===> btop++ v.1.4.0
2025/04/22 (15:39:53) | WARNING: Intel GPU: Failed to initialize PMU

2025/04/22 (15:40:26) | ===> btop++ v.1.4.0
2025/04/22 (15:40:26) | WARNING: Intel GPU: Failed to initialize PMU

2025/04/22 (15:59:05) | ===> btop++ v.1.4.0
2025/04/22 (15:59:05) | WARNING: Intel GPU: Failed to initialize PMU

2025/04/23 (15:49:44) | ===> btop++ v.1.4.0
2025/04/23 (15:49:44) | WARNING: Intel GPU: Failed to initialize PMU

2025/04/23 (17:39:50) | ===> btop++ v.1.4.0
2025/04/23 (17:39:50) | WARNING: Intel GPU: Failed to initialize PMU

2025/04/23 (18:13:56) | ===> btop++ v.1.4.0
2025/04/23 (18:13:56) | WARNING: Intel GPU: Failed to initialize PMU

2025/04/23 (18:38:08) | ===> btop++ v.1.4.0
2025/04/23 (18:38:08) | WARNING: Intel GPU: Failed to initialize PMU

2025/04/23 (18:39:15) | ===> btop++ v.1.4.0
2025/04/23 (18:39:15) | WARNING: Intel GPU: Failed to initialize PMU

2025/04/23 (18:43:43) | ===> btop++ v.1.4.0
2025/04/23 (18:43:43) | WARNING: Intel GPU: Failed to initialize PMU

2025/04/24 (13:08:08) | ===> btop++ v.1.4.0
2025/04/24 (13:08:08) | WARNING: Intel GPU: Failed to initialize PMU

2025/04/25 (17:56:44) | ===> btop++ v.1.4.0
2025/04/25 (17:56:44) | WARNING: Intel GPU: Failed to initialize PMU

2025/04/25 (21:55:33) | ===> btop++ v.1.4.0
2025/04/25 (21:55:33) | WARNING: Intel GPU: Failed to initialize PMU
2025/04/25 (21:55:39) | WARNING: Failed to join _runner thread on exit!

2025/04/26 (11:46:07) | ===> btop++ v.1.4.0
2025/04/26 (11:46:07) | WARNING: Intel GPU: Failed to initialize PMU

2025/04/26 (12:32:03) | ===> btop++ v.1.4.0
2025/04/26 (12:32:03) | WARNING: Intel GPU: Failed to initialize PMU

2025/04/26 (13:07:18) | ===> btop++ v.1.4.0
2025/04/26 (13:07:18) | WARNING: Intel GPU: Failed to initialize PMU

2025/04/26 (13:08:00) | ===> btop++ v.1.4.0
2025/04/26 (13:08:00) | WARNING: Intel GPU: Failed to initialize PMU

2025/04/26 (14:39:18) | ===> btop++ v.1.4.0
2025/04/26 (14:39:18) | WARNING: Intel GPU: Failed to initialize PMU

2025/04/26 (14:41:56) | ===> btop++ v.1.4.0
2025/04/26 (14:41:56) | WARNING: Intel GPU: Failed to initialize PMU

2025/04/27 (18:08:00) | ===> btop++ v.1.4.0
2025/04/27 (18:08:00) | WARNING: Intel GPU: Failed to initialize PMU

2025/04/27 (18:09:30) | ===> btop++ v.1.4.0
2025/04/27 (18:09:30) | WARNING: Intel GPU: Failed to initialize PMU
2025/04/27 (18:12:03) | WARNING: Failed to join _runner thread on exit!
